<?xml version="1.0" encoding="UTF-8"?>
<!-- Generated by org.testng.reporters.JUnitXMLReporter -->
<testsuite ignored="0" hostname="MOR-ROMANO" failures="1" tests="9" name="Web UI Tests" time="47.188" errors="0" timestamp="10 Aug 2022 20:03:14 GMT">
  <testcase classname="sanity.GrafanaWeb" name="test01_verify_main_header" time="1.787"/>
  <testcase classname="sanity.GrafanaWeb" name="test02_verify_default_user" time="0.811"/>
  <testcase classname="sanity.GrafanaWeb" name="test03_create_user" time="1.905"/>
  <testcase classname="sanity.GrafanaWeb" name="test04_delete_user" time="1.305"/>
  <testcase classname="sanity.GrafanaWeb" name="test05_verify_progress_steps" time="0.213"/>
  <testcase classname="sanity.GrafanaWeb" name="test06_verify_avatar_icon" time="0.902">
    <failure type="java.lang.AssertionError" message="error comparing image file FindFailed: C:\Users\toxic\IdeaProjects\New_Try\ImageRepository\NewAvatar.png: (44x37) in R[0,0 1536x864]@S(0)
  Line 2291, in file Region.java
">
      <![CDATA[java.lang.AssertionError: error comparing image file FindFailed: C:\Users\toxic\IdeaProjects\New_Try\ImageRepository\NewAvatar.png: (44x37) in R[0,0 1536x864]@S(0)
  Line 2291, in file Region.java

at extentions.Verifications.visualElement(Verifications.java:44)
at sanity.GrafanaWeb.test06_verify_avatar_icon(GrafanaWeb.java:57)
... Removed 30 stack frames]]>
    </failure>
  </testcase> <!-- test06_verify_avatar_icon -->
  <testcase classname="sanity.GrafanaWeb" name="test07_search_users" time="3.981"/>
  <testcase classname="sanity.GrafanaWeb" name="test07_search_users" time="12.486"/>
  <testcase classname="sanity.GrafanaWeb" name="test07_search_users" time="13.665"/>
</testsuite> <!-- Web UI Tests -->
