<html>
<head>
<title>TestNG:  Web UI Tests</title>
<link href="../testng.css" rel="stylesheet" type="text/css" />
<link href="../my-testng.css" rel="stylesheet" type="text/css" />

<style type="text/css">
.log { display: none;} 
.stack-trace { display: none;} 
</style>
<script type="text/javascript">
<!--
function flip(e) {
  current = e.style.display;
  if (current == 'block') {
    e.style.display = 'none';
    return 0;
  }
  else {
    e.style.display = 'block';
    return 1;
  }
}

function toggleBox(szDivId, elem, msg1, msg2)
{
  var res = -1;  if (document.getElementById) {
    res = flip(document.getElementById(szDivId));
  }
  else if (document.all) {
    // this is the way old msie versions work
    res = flip(document.all[szDivId]);
  }
  if(elem) {
    if(res == 0) elem.innerHTML = msg1; else elem.innerHTML = msg2;
  }

}

function toggleAllBoxes() {
  if (document.getElementsByTagName) {
    d = document.getElementsByTagName('div');
    for (i = 0; i < d.length; i++) {
      if (d[i].className == 'log') {
        flip(d[i]);
      }
    }
  }
}

// -->
</script>

</head>
<body>
<h2 align='center'>Web UI Tests</h2><table border='1' align="center">
<tr>
<td>Tests passed/Failed/Skipped:</td><td>8/1/0</td>
</tr><tr>
<td>Started on:</td><td>Wed Aug 10 23:02:26 IDT 2022</td>
</tr>
<tr><td>Total time:</td><td>47 seconds (47188 ms)</td>
</tr><tr>
<td>Included groups:</td><td></td>
</tr><tr>
<td>Excluded groups:</td><td></td>
</tr>
</table><p/>
<small><i>(Hover the method name to see the test class name)</i></small><p/>
<table width='100%' border='1' class='invocation-failed'>
<tr><td colspan='4' align='center'><b>FAILED TESTS</b></td></tr>
<tr><td><b>Test method</b></td>
<td width="30%"><b>Exception</b></td>
<td width="10%"><b>Time (seconds)</b></td>
<td><b>Instance</b></td>
</tr>
<tr>
<td title='sanity.GrafanaWeb.test06_verify_avatar_icon()'><b>test06_verify_avatar_icon</b><br>Test class: sanity.GrafanaWeb<br>Test method: Test6 - Verify Grafana Avatar Icon</td>
<td><div><pre>java.lang.AssertionError: error comparing image file FindFailed: C:\Users\toxic\IdeaProjects\New_Try\ImageRepository\NewAvatar.png: (44x37) in R[0,0 1536x864]@S(0)
  Line 2291, in file Region.java

	at extentions.Verifications.visualElement(Verifications.java:44)
	at sanity.GrafanaWeb.test06_verify_avatar_icon(GrafanaWeb.java:57)
... Removed 30 stack frames</pre></div><a href='#' onClick='toggleBox("stack-trace2022767609", this, "Click to show all stack frames", "Click to hide stack frames")'>Click to show all stack frames</a>
<div class='stack-trace' id='stack-trace2022767609'><pre>java.lang.AssertionError: error comparing image file FindFailed: C:\Users\toxic\IdeaProjects\New_Try\ImageRepository\NewAvatar.png: (44x37) in R[0,0 1536x864]@S(0)
  Line 2291, in file Region.java

	at org.testng.Assert.fail(Assert.java:96)
	at extentions.Verifications.visualElement(Verifications.java:44)
	at sanity.GrafanaWeb.test06_verify_avatar_icon(GrafanaWeb.java:57)
	at java.base/jdk.internal.reflect.NativeMethodAccessorImpl.invoke0(Native Method)
	at java.base/jdk.internal.reflect.NativeMethodAccessorImpl.invoke(NativeMethodAccessorImpl.java:62)
	at java.base/jdk.internal.reflect.DelegatingMethodAccessorImpl.invoke(DelegatingMethodAccessorImpl.java:43)
	at java.base/java.lang.reflect.Method.invoke(Method.java:566)
	at org.testng.internal.MethodInvocationHelper.invokeMethod(MethodInvocationHelper.java:124)
	at org.testng.internal.Invoker.invokeMethod(Invoker.java:583)
	at org.testng.internal.Invoker.invokeTestMethod(Invoker.java:719)
	at org.testng.internal.Invoker.invokeTestMethods(Invoker.java:989)
	at org.testng.internal.TestMethodWorker.invokeTestMethods(TestMethodWorker.java:125)
	at org.testng.internal.TestMethodWorker.run(TestMethodWorker.java:109)
	at org.testng.TestRunner.privateRun(TestRunner.java:648)
	at org.testng.TestRunner.run(TestRunner.java:505)
	at org.testng.SuiteRunner.runTest(SuiteRunner.java:455)
	at org.testng.SuiteRunner.runSequentially(SuiteRunner.java:450)
	at org.testng.SuiteRunner.privateRun(SuiteRunner.java:415)
	at org.testng.SuiteRunner.run(SuiteRunner.java:364)
	at org.testng.SuiteRunnerWorker.runSuite(SuiteRunnerWorker.java:52)
	at org.testng.SuiteRunnerWorker.run(SuiteRunnerWorker.java:84)
	at org.testng.TestNG.runSuitesSequentially(TestNG.java:1208)
	at org.testng.TestNG.runSuitesLocally(TestNG.java:1137)
	at org.testng.TestNG.runSuites(TestNG.java:1049)
	at org.testng.TestNG.run(TestNG.java:1017)
	at org.apache.maven.surefire.testng.TestNGExecutor.run(TestNGExecutor.java:283)
	at org.apache.maven.surefire.testng.TestNGXmlTestSuite.execute(TestNGXmlTestSuite.java:75)
	at org.apache.maven.surefire.testng.TestNGProvider.invoke(TestNGProvider.java:120)
	at org.apache.maven.surefire.booter.ForkedBooter.invokeProviderInSameClassLoader(ForkedBooter.java:384)
	at org.apache.maven.surefire.booter.ForkedBooter.runSuitesInProcess(ForkedBooter.java:345)
	at org.apache.maven.surefire.booter.ForkedBooter.execute(ForkedBooter.java:126)
	at org.apache.maven.surefire.booter.ForkedBooter.main(ForkedBooter.java:418)
</pre></div></td>
<td>0</td>
<td>sanity.GrafanaWeb@6f3e19b3</td></tr>
</table><p>
<table width='100%' border='1' class='invocation-passed'>
<tr><td colspan='4' align='center'><b>PASSED TESTS</b></td></tr>
<tr><td><b>Test method</b></td>
<td width="30%"><b>Exception</b></td>
<td width="10%"><b>Time (seconds)</b></td>
<td><b>Instance</b></td>
</tr>
<tr>
<td title='sanity.GrafanaWeb.test01_verify_main_header()'><b>test01_verify_main_header</b><br>Test class: sanity.GrafanaWeb<br>Test method: Test1 - Verify Header</td>
<td></td>
<td>1</td>
<td>sanity.GrafanaWeb@6f3e19b3</td></tr>
<tr>
<td title='sanity.GrafanaWeb.test02_verify_default_user()'><b>test02_verify_default_user</b><br>Test class: sanity.GrafanaWeb<br>Test method: Test2 - Verify Default User</td>
<td></td>
<td>0</td>
<td>sanity.GrafanaWeb@6f3e19b3</td></tr>
<tr>
<td title='sanity.GrafanaWeb.test03_create_user()'><b>test03_create_user</b><br>Test class: sanity.GrafanaWeb<br>Test method: Test3 - Verify New User</td>
<td></td>
<td>1</td>
<td>sanity.GrafanaWeb@6f3e19b3</td></tr>
<tr>
<td title='sanity.GrafanaWeb.test04_delete_user()'><b>test04_delete_user</b><br>Test class: sanity.GrafanaWeb<br>Test method: Test4 - Verify User Deletion</td>
<td></td>
<td>1</td>
<td>sanity.GrafanaWeb@6f3e19b3</td></tr>
<tr>
<td title='sanity.GrafanaWeb.test05_verify_progress_steps()'><b>test05_verify_progress_steps</b><br>Test class: sanity.GrafanaWeb<br>Test method: Test5 - Verify Progress Steps</td>
<td></td>
<td>0</td>
<td>sanity.GrafanaWeb@6f3e19b3</td></tr>
<tr>
<td title='sanity.GrafanaWeb.test07_search_users()'><b>test07_search_users</b><br>Test class: sanity.GrafanaWeb<br>Parameters: admin, exist</td>
<td></td>
<td>3</td>
<td>sanity.GrafanaWeb@6f3e19b3</td></tr>
<tr>
<td title='sanity.GrafanaWeb.test07_search_users()'><b>test07_search_users</b><br>Test class: sanity.GrafanaWeb<br>Parameters: mor, not-exist</td>
<td></td>
<td>12</td>
<td>sanity.GrafanaWeb@6f3e19b3</td></tr>
<tr>
<td title='sanity.GrafanaWeb.test07_search_users()'><b>test07_search_users</b><br>Test class: sanity.GrafanaWeb<br>Parameters: david, not-exist</td>
<td></td>
<td>13</td>
<td>sanity.GrafanaWeb@6f3e19b3</td></tr>
</table><p>
</body>
</html>