{"uuid":"67b2aeeb-ddc9-47e7-80c5-6ffdeccffb2c","historyId":"adf26227e62093bf5d050a793464f5ca","fullName":"sanity.GrafanaWeb.test06_verify_avatar_icon","labels":[{"name":"package","value":"sanity.GrafanaWeb"},{"name":"testClass","value":"sanity.GrafanaWeb"},{"name":"testMethod","value":"test06_verify_avatar_icon"},{"name":"parentSuite","value":"WebSuite"},{"name":"suite","value":"Web UI Tests"},{"name":"subSuite","value":"sanity.GrafanaWeb"},{"name":"host","value":"MOR-ROMANO"},{"name":"thread","value":"17860@MOR-ROMANO.main(1)"},{"name":"framework","value":"testng"},{"name":"language","value":"java"}],"links":[],"name":"Test6 - Verify Grafana Avatar Icon","status":"failed","statusDetails":{"known":false,"muted":false,"flaky":false,"message":"error comparing image file FindFailed: C:\\Users\\toxic\\IdeaProjects\\Final_Project\\ImageRepository\\GrafanaAvatar1.png: (0x0) in R[0,0 1536x864]@S(0)\n  Line 2291, in file Region.java\n","trace":"java.lang.AssertionError: error comparing image file FindFailed: C:\\Users\\toxic\\IdeaProjects\\Final_Project\\ImageRepository\\GrafanaAvatar1.png: (0x0) in R[0,0 1536x864]@S(0)\n  Line 2291, in file Region.java\n\r\n\tat org.testng.Assert.fail(Assert.java:96)\r\n\tat extentions.Verifications.visualElement(Verifications.java:44)\r\n\tat sanity.GrafanaWeb.test06_verify_avatar_icon(GrafanaWeb.java:57)\r\n\tat java.base/jdk.internal.reflect.DirectMethodHandleAccessor.invoke(DirectMethodHandleAccessor.java:104)\r\n\tat java.base/java.lang.reflect.Method.invoke(Method.java:577)\r\n\tat org.testng.internal.MethodInvocationHelper.invokeMethod(MethodInvocationHelper.java:124)\r\n\tat org.testng.internal.Invoker.invokeMethod(Invoker.java:583)\r\n\tat org.testng.internal.Invoker.invokeTestMethod(Invoker.java:719)\r\n\tat org.testng.internal.Invoker.invokeTestMethods(Invoker.java:989)\r\n\tat org.testng.internal.TestMethodWorker.invokeTestMethods(TestMethodWorker.java:125)\r\n\tat org.testng.internal.TestMethodWorker.run(TestMethodWorker.java:109)\r\n\tat org.testng.TestRunner.privateRun(TestRunner.java:648)\r\n\tat org.testng.TestRunner.run(TestRunner.java:505)\r\n\tat org.testng.SuiteRunner.runTest(SuiteRunner.java:455)\r\n\tat org.testng.SuiteRunner.runSequentially(SuiteRunner.java:450)\r\n\tat org.testng.SuiteRunner.privateRun(SuiteRunner.java:415)\r\n\tat org.testng.SuiteRunner.run(SuiteRunner.java:364)\r\n\tat org.testng.SuiteRunnerWorker.runSuite(SuiteRunnerWorker.java:52)\r\n\tat org.testng.SuiteRunnerWorker.run(SuiteRunnerWorker.java:84)\r\n\tat org.testng.TestNG.runSuitesSequentially(TestNG.java:1208)\r\n\tat org.testng.TestNG.runSuitesLocally(TestNG.java:1137)\r\n\tat org.testng.TestNG.runSuites(TestNG.java:1049)\r\n\tat org.testng.TestNG.run(TestNG.java:1017)\r\n\tat org.apache.maven.surefire.testng.TestNGExecutor.run(TestNGExecutor.java:283)\r\n\tat org.apache.maven.surefire.testng.TestNGXmlTestSuite.execute(TestNGXmlTestSuite.java:75)\r\n\tat org.apache.maven.surefire.testng.TestNGProvider.invoke(TestNGProvider.java:120)\r\n\tat org.apache.maven.surefire.booter.ForkedBooter.invokeProviderInSameClassLoader(ForkedBooter.java:384)\r\n\tat org.apache.maven.surefire.booter.ForkedBooter.runSuitesInProcess(ForkedBooter.java:345)\r\n\tat org.apache.maven.surefire.booter.ForkedBooter.execute(ForkedBooter.java:126)\r\n\tat org.apache.maven.surefire.booter.ForkedBooter.main(ForkedBooter.java:418)\r\n"},"stage":"finished","description":"Test Verifies Existence of the Avatar Icon","steps":[{"name":"Verify Element Visually","status":"failed","statusDetails":{"known":false,"muted":false,"flaky":false,"message":"error comparing image file FindFailed: C:\\Users\\toxic\\IdeaProjects\\Final_Project\\ImageRepository\\GrafanaAvatar1.png: (0x0) in R[0,0 1536x864]@S(0)\n  Line 2291, in file Region.java\n","trace":"java.lang.AssertionError: error comparing image file FindFailed: C:\\Users\\toxic\\IdeaProjects\\Final_Project\\ImageRepository\\GrafanaAvatar1.png: (0x0) in R[0,0 1536x864]@S(0)\n  Line 2291, in file Region.java\n\r\n\tat org.testng.Assert.fail(Assert.java:96)\r\n\tat extentions.Verifications.visualElement(Verifications.java:44)\r\n\tat sanity.GrafanaWeb.test06_verify_avatar_icon(GrafanaWeb.java:57)\r\n\tat java.base/jdk.internal.reflect.DirectMethodHandleAccessor.invoke(DirectMethodHandleAccessor.java:104)\r\n\tat java.base/java.lang.reflect.Method.invoke(Method.java:577)\r\n\tat org.testng.internal.MethodInvocationHelper.invokeMethod(MethodInvocationHelper.java:124)\r\n\tat org.testng.internal.Invoker.invokeMethod(Invoker.java:583)\r\n\tat org.testng.internal.Invoker.invokeTestMethod(Invoker.java:719)\r\n\tat org.testng.internal.Invoker.invokeTestMethods(Invoker.java:989)\r\n\tat org.testng.internal.TestMethodWorker.invokeTestMethods(TestMethodWorker.java:125)\r\n\tat org.testng.internal.TestMethodWorker.run(TestMethodWorker.java:109)\r\n\tat org.testng.TestRunner.privateRun(TestRunner.java:648)\r\n\tat org.testng.TestRunner.run(TestRunner.java:505)\r\n\tat org.testng.SuiteRunner.runTest(SuiteRunner.java:455)\r\n\tat org.testng.SuiteRunner.runSequentially(SuiteRunner.java:450)\r\n\tat org.testng.SuiteRunner.privateRun(SuiteRunner.java:415)\r\n\tat org.testng.SuiteRunner.run(SuiteRunner.java:364)\r\n\tat org.testng.SuiteRunnerWorker.runSuite(SuiteRunnerWorker.java:52)\r\n\tat org.testng.SuiteRunnerWorker.run(SuiteRunnerWorker.java:84)\r\n\tat org.testng.TestNG.runSuitesSequentially(TestNG.java:1208)\r\n\tat org.testng.TestNG.runSuitesLocally(TestNG.java:1137)\r\n\tat org.testng.TestNG.runSuites(TestNG.java:1049)\r\n\tat org.testng.TestNG.run(TestNG.java:1017)\r\n\tat org.apache.maven.surefire.testng.TestNGExecutor.run(TestNGExecutor.java:283)\r\n\tat org.apache.maven.surefire.testng.TestNGXmlTestSuite.execute(TestNGXmlTestSuite.java:75)\r\n\tat org.apache.maven.surefire.testng.TestNGProvider.invoke(TestNGProvider.java:120)\r\n\tat org.apache.maven.surefire.booter.ForkedBooter.invokeProviderInSameClassLoader(ForkedBooter.java:384)\r\n\tat org.apache.maven.surefire.booter.ForkedBooter.runSuitesInProcess(ForkedBooter.java:345)\r\n\tat org.apache.maven.surefire.booter.ForkedBooter.execute(ForkedBooter.java:126)\r\n\tat org.apache.maven.surefire.booter.ForkedBooter.main(ForkedBooter.java:418)\r\n"},"stage":"finished","steps":[],"attachments":[],"parameters":[{"name":"ExpectedImageName","value":"GrafanaAvatar1"}],"start":1658862935215,"stop":1658862935246}],"attachments":[{"name":"Page Screen Shot","source":"d7f676bd-ffca-4708-88fc-a16038052673-attachment","type":"image/png"}],"parameters":[{"name":"PlatformName","value":"web"}],"start":1658862935215,"stop":1658862935765}