<?xml version="1.0" encoding="UTF-8"?>
<testng-results ignored="0" total="9" passed="8" failed="1" skipped="0">
  <reporter-output>
  </reporter-output>
  <suite started-at="2022-08-10T20:02:26Z" name="WebSuite" finished-at="2022-08-10T20:03:14Z" duration-ms="47188">
    <groups>
    </groups>
    <test started-at="2022-08-10T20:02:26Z" name="Web UI Tests" finished-at="2022-08-10T20:03:14Z" duration-ms="47188">
      <class name="sanity.GrafanaWeb">
        <test-method is-config="true" signature="startSession(java.lang.String)[pri:0, instance:sanity.GrafanaWeb@6f3e19b3]" started-at="2022-08-10T20:02:27Z" name="startSession" finished-at="2022-08-10T20:02:31Z" duration-ms="4933" status="PASS">
          <params>
            <param index="0">
              <value>
                <![CDATA[web]]>
              </value>
            </param>
          </params>
          <reporter-output>
          </reporter-output>
        </test-method> <!-- startSession -->
        <test-method is-config="true" signature="beforeMethod(java.lang.reflect.Method)[pri:0, instance:sanity.GrafanaWeb@6f3e19b3]" started-at="2022-08-10T20:02:31Z" name="beforeMethod" finished-at="2022-08-10T20:02:32Z" duration-ms="116" status="PASS">
          <params>
            <param index="0">
              <value>
                <![CDATA[public void sanity.GrafanaWeb.test01_verify_main_header()]]>
              </value>
            </param>
          </params>
          <reporter-output>
          </reporter-output>
        </test-method> <!-- beforeMethod -->
        <test-method signature="test01_verify_main_header()[pri:0, instance:sanity.GrafanaWeb@6f3e19b3]" started-at="2022-08-10T20:02:32Z" name="test01_verify_main_header" description="Test1 - Verify Header" finished-at="2022-08-10T20:02:33Z" duration-ms="1787" status="PASS">
          <reporter-output>
          </reporter-output>
        </test-method> <!-- test01_verify_main_header -->
        <test-method is-config="true" signature="refreshSession()[pri:0, instance:sanity.GrafanaWeb@6f3e19b3]" started-at="2022-08-10T20:02:34Z" name="refreshSession" finished-at="2022-08-10T20:02:34Z" duration-ms="297" status="PASS">
          <reporter-output>
          </reporter-output>
        </test-method> <!-- refreshSession -->
        <test-method is-config="true" signature="beforeMethod(java.lang.reflect.Method)[pri:0, instance:sanity.GrafanaWeb@6f3e19b3]" started-at="2022-08-10T20:02:34Z" name="beforeMethod" finished-at="2022-08-10T20:02:34Z" duration-ms="10" status="PASS">
          <params>
            <param index="0">
              <value>
                <![CDATA[public void sanity.GrafanaWeb.test02_verify_default_user()]]>
              </value>
            </param>
          </params>
          <reporter-output>
          </reporter-output>
        </test-method> <!-- beforeMethod -->
        <test-method signature="test02_verify_default_user()[pri:0, instance:sanity.GrafanaWeb@6f3e19b3]" started-at="2022-08-10T20:02:34Z" name="test02_verify_default_user" description="Test2 - Verify Default User" finished-at="2022-08-10T20:02:35Z" duration-ms="811" status="PASS">
          <reporter-output>
          </reporter-output>
        </test-method> <!-- test02_verify_default_user -->
        <test-method is-config="true" signature="refreshSession()[pri:0, instance:sanity.GrafanaWeb@6f3e19b3]" started-at="2022-08-10T20:02:35Z" name="refreshSession" finished-at="2022-08-10T20:02:35Z" duration-ms="365" status="PASS">
          <reporter-output>
          </reporter-output>
        </test-method> <!-- refreshSession -->
        <test-method is-config="true" signature="beforeMethod(java.lang.reflect.Method)[pri:0, instance:sanity.GrafanaWeb@6f3e19b3]" started-at="2022-08-10T20:02:35Z" name="beforeMethod" finished-at="2022-08-10T20:02:35Z" duration-ms="14" status="PASS">
          <params>
            <param index="0">
              <value>
                <![CDATA[public void sanity.GrafanaWeb.test03_create_user()]]>
              </value>
            </param>
          </params>
          <reporter-output>
          </reporter-output>
        </test-method> <!-- beforeMethod -->
        <test-method signature="test03_create_user()[pri:0, instance:sanity.GrafanaWeb@6f3e19b3]" started-at="2022-08-10T20:02:35Z" name="test03_create_user" description="Test3 - Verify New User" finished-at="2022-08-10T20:02:37Z" duration-ms="1905" status="PASS">
          <reporter-output>
          </reporter-output>
        </test-method> <!-- test03_create_user -->
        <test-method is-config="true" signature="refreshSession()[pri:0, instance:sanity.GrafanaWeb@6f3e19b3]" started-at="2022-08-10T20:02:37Z" name="refreshSession" finished-at="2022-08-10T20:02:38Z" duration-ms="305" status="PASS">
          <reporter-output>
          </reporter-output>
        </test-method> <!-- refreshSession -->
        <test-method is-config="true" signature="beforeMethod(java.lang.reflect.Method)[pri:0, instance:sanity.GrafanaWeb@6f3e19b3]" started-at="2022-08-10T20:02:38Z" name="beforeMethod" finished-at="2022-08-10T20:02:38Z" duration-ms="9" status="PASS">
          <params>
            <param index="0">
              <value>
                <![CDATA[public void sanity.GrafanaWeb.test04_delete_user()]]>
              </value>
            </param>
          </params>
          <reporter-output>
          </reporter-output>
        </test-method> <!-- beforeMethod -->
        <test-method signature="test04_delete_user()[pri:0, instance:sanity.GrafanaWeb@6f3e19b3]" started-at="2022-08-10T20:02:38Z" name="test04_delete_user" description="Test4 - Verify User Deletion" finished-at="2022-08-10T20:02:39Z" duration-ms="1305" status="PASS">
          <reporter-output>
          </reporter-output>
        </test-method> <!-- test04_delete_user -->
        <test-method is-config="true" signature="refreshSession()[pri:0, instance:sanity.GrafanaWeb@6f3e19b3]" started-at="2022-08-10T20:02:39Z" name="refreshSession" finished-at="2022-08-10T20:02:39Z" duration-ms="296" status="PASS">
          <reporter-output>
          </reporter-output>
        </test-method> <!-- refreshSession -->
        <test-method is-config="true" signature="beforeMethod(java.lang.reflect.Method)[pri:0, instance:sanity.GrafanaWeb@6f3e19b3]" started-at="2022-08-10T20:02:39Z" name="beforeMethod" finished-at="2022-08-10T20:02:39Z" duration-ms="8" status="PASS">
          <params>
            <param index="0">
              <value>
                <![CDATA[public void sanity.GrafanaWeb.test05_verify_progress_steps()]]>
              </value>
            </param>
          </params>
          <reporter-output>
          </reporter-output>
        </test-method> <!-- beforeMethod -->
        <test-method signature="test05_verify_progress_steps()[pri:0, instance:sanity.GrafanaWeb@6f3e19b3]" started-at="2022-08-10T20:02:39Z" name="test05_verify_progress_steps" description="Test5 - Verify Progress Steps" finished-at="2022-08-10T20:02:40Z" duration-ms="213" status="PASS">
          <reporter-output>
          </reporter-output>
        </test-method> <!-- test05_verify_progress_steps -->
        <test-method is-config="true" signature="refreshSession()[pri:0, instance:sanity.GrafanaWeb@6f3e19b3]" started-at="2022-08-10T20:02:40Z" name="refreshSession" finished-at="2022-08-10T20:02:40Z" duration-ms="298" status="PASS">
          <reporter-output>
          </reporter-output>
        </test-method> <!-- refreshSession -->
        <test-method is-config="true" signature="beforeMethod(java.lang.reflect.Method)[pri:0, instance:sanity.GrafanaWeb@6f3e19b3]" started-at="2022-08-10T20:02:40Z" name="beforeMethod" finished-at="2022-08-10T20:02:40Z" duration-ms="9" status="PASS">
          <params>
            <param index="0">
              <value>
                <![CDATA[public void sanity.GrafanaWeb.test06_verify_avatar_icon()]]>
              </value>
            </param>
          </params>
          <reporter-output>
          </reporter-output>
        </test-method> <!-- beforeMethod -->
        <test-method signature="test06_verify_avatar_icon()[pri:0, instance:sanity.GrafanaWeb@6f3e19b3]" started-at="2022-08-10T20:02:40Z" name="test06_verify_avatar_icon" description="Test6 - Verify Grafana Avatar Icon" finished-at="2022-08-10T20:02:41Z" duration-ms="902" status="FAIL">
          <exception class="java.lang.AssertionError">
            <message>
              <![CDATA[error comparing image file FindFailed: C:\Users\toxic\IdeaProjects\New_Try\ImageRepository\NewAvatar.png: (44x37) in R[0,0 1536x864]@S(0)
  Line 2291, in file Region.java
]]>
            </message>
            <full-stacktrace>
              <![CDATA[java.lang.AssertionError: error comparing image file FindFailed: C:\Users\toxic\IdeaProjects\New_Try\ImageRepository\NewAvatar.png: (44x37) in R[0,0 1536x864]@S(0)
  Line 2291, in file Region.java

at org.testng.Assert.fail(Assert.java:96)
at extentions.Verifications.visualElement(Verifications.java:44)
at sanity.GrafanaWeb.test06_verify_avatar_icon(GrafanaWeb.java:57)
at java.base/jdk.internal.reflect.NativeMethodAccessorImpl.invoke0(Native Method)
at java.base/jdk.internal.reflect.NativeMethodAccessorImpl.invoke(NativeMethodAccessorImpl.java:62)
at java.base/jdk.internal.reflect.DelegatingMethodAccessorImpl.invoke(DelegatingMethodAccessorImpl.java:43)
at java.base/java.lang.reflect.Method.invoke(Method.java:566)
at org.testng.internal.MethodInvocationHelper.invokeMethod(MethodInvocationHelper.java:124)
at org.testng.internal.Invoker.invokeMethod(Invoker.java:583)
at org.testng.internal.Invoker.invokeTestMethod(Invoker.java:719)
at org.testng.internal.Invoker.invokeTestMethods(Invoker.java:989)
at org.testng.internal.TestMethodWorker.invokeTestMethods(TestMethodWorker.java:125)
at org.testng.internal.TestMethodWorker.run(TestMethodWorker.java:109)
at org.testng.TestRunner.privateRun(TestRunner.java:648)
at org.testng.TestRunner.run(TestRunner.java:505)
at org.testng.SuiteRunner.runTest(SuiteRunner.java:455)
at org.testng.SuiteRunner.runSequentially(SuiteRunner.java:450)
at org.testng.SuiteRunner.privateRun(SuiteRunner.java:415)
at org.testng.SuiteRunner.run(SuiteRunner.java:364)
at org.testng.SuiteRunnerWorker.runSuite(SuiteRunnerWorker.java:52)
at org.testng.SuiteRunnerWorker.run(SuiteRunnerWorker.java:84)
at org.testng.TestNG.runSuitesSequentially(TestNG.java:1208)
at org.testng.TestNG.runSuitesLocally(TestNG.java:1137)
at org.testng.TestNG.runSuites(TestNG.java:1049)
at org.testng.TestNG.run(TestNG.java:1017)
at org.apache.maven.surefire.testng.TestNGExecutor.run(TestNGExecutor.java:283)
at org.apache.maven.surefire.testng.TestNGXmlTestSuite.execute(TestNGXmlTestSuite.java:75)
at org.apache.maven.surefire.testng.TestNGProvider.invoke(TestNGProvider.java:120)
at org.apache.maven.surefire.booter.ForkedBooter.invokeProviderInSameClassLoader(ForkedBooter.java:384)
at org.apache.maven.surefire.booter.ForkedBooter.runSuitesInProcess(ForkedBooter.java:345)
at org.apache.maven.surefire.booter.ForkedBooter.execute(ForkedBooter.java:126)
at org.apache.maven.surefire.booter.ForkedBooter.main(ForkedBooter.java:418)
]]>
            </full-stacktrace>
          </exception> <!-- java.lang.AssertionError -->
          <reporter-output>
          </reporter-output>
        </test-method> <!-- test06_verify_avatar_icon -->
        <test-method is-config="true" signature="refreshSession()[pri:0, instance:sanity.GrafanaWeb@6f3e19b3]" started-at="2022-08-10T20:02:41Z" name="refreshSession" finished-at="2022-08-10T20:02:41Z" duration-ms="308" status="PASS">
          <reporter-output>
          </reporter-output>
        </test-method> <!-- refreshSession -->
        <test-method is-config="true" signature="beforeMethod(java.lang.reflect.Method)[pri:0, instance:sanity.GrafanaWeb@6f3e19b3]" started-at="2022-08-10T20:02:41Z" name="beforeMethod" finished-at="2022-08-10T20:02:41Z" duration-ms="12" status="PASS">
          <params>
            <param index="0">
              <value>
                <![CDATA[public void sanity.GrafanaWeb.test07_search_users(java.lang.String,java.lang.String) throws java.lang.InterruptedException]]>
              </value>
            </param>
          </params>
          <reporter-output>
          </reporter-output>
        </test-method> <!-- beforeMethod -->
        <test-method signature="test07_search_users(java.lang.String, java.lang.String)[pri:0, instance:sanity.GrafanaWeb@6f3e19b3]" started-at="2022-08-10T20:02:41Z" name="test07_search_users" data-provider="DDT-provider" finished-at="2022-08-10T20:02:45Z" duration-ms="3981" status="PASS">
          <params>
            <param index="0">
              <value>
                <![CDATA[admin]]>
              </value>
            </param>
            <param index="1">
              <value>
                <![CDATA[exist]]>
              </value>
            </param>
          </params>
          <reporter-output>
          </reporter-output>
        </test-method> <!-- test07_search_users -->
        <test-method is-config="true" signature="refreshSession()[pri:0, instance:sanity.GrafanaWeb@6f3e19b3]" started-at="2022-08-10T20:02:45Z" name="refreshSession" finished-at="2022-08-10T20:02:46Z" duration-ms="311" status="PASS">
          <reporter-output>
          </reporter-output>
        </test-method> <!-- refreshSession -->
        <test-method is-config="true" signature="beforeMethod(java.lang.reflect.Method)[pri:0, instance:sanity.GrafanaWeb@6f3e19b3]" started-at="2022-08-10T20:02:46Z" name="beforeMethod" finished-at="2022-08-10T20:02:46Z" duration-ms="10" status="PASS">
          <params>
            <param index="0">
              <value>
                <![CDATA[public void sanity.GrafanaWeb.test07_search_users(java.lang.String,java.lang.String) throws java.lang.InterruptedException]]>
              </value>
            </param>
          </params>
          <reporter-output>
          </reporter-output>
        </test-method> <!-- beforeMethod -->
        <test-method signature="test07_search_users(java.lang.String, java.lang.String)[pri:0, instance:sanity.GrafanaWeb@6f3e19b3]" started-at="2022-08-10T20:02:46Z" name="test07_search_users" data-provider="DDT-provider" finished-at="2022-08-10T20:02:58Z" duration-ms="12486" status="PASS">
          <params>
            <param index="0">
              <value>
                <![CDATA[mor]]>
              </value>
            </param>
            <param index="1">
              <value>
                <![CDATA[not-exist]]>
              </value>
            </param>
          </params>
          <reporter-output>
          </reporter-output>
        </test-method> <!-- test07_search_users -->
        <test-method is-config="true" signature="refreshSession()[pri:0, instance:sanity.GrafanaWeb@6f3e19b3]" started-at="2022-08-10T20:02:58Z" name="refreshSession" finished-at="2022-08-10T20:02:59Z" duration-ms="467" status="PASS">
          <reporter-output>
          </reporter-output>
        </test-method> <!-- refreshSession -->
        <test-method is-config="true" signature="beforeMethod(java.lang.reflect.Method)[pri:0, instance:sanity.GrafanaWeb@6f3e19b3]" started-at="2022-08-10T20:02:59Z" name="beforeMethod" finished-at="2022-08-10T20:02:59Z" duration-ms="14" status="PASS">
          <params>
            <param index="0">
              <value>
                <![CDATA[public void sanity.GrafanaWeb.test07_search_users(java.lang.String,java.lang.String) throws java.lang.InterruptedException]]>
              </value>
            </param>
          </params>
          <reporter-output>
          </reporter-output>
        </test-method> <!-- beforeMethod -->
        <test-method signature="test07_search_users(java.lang.String, java.lang.String)[pri:0, instance:sanity.GrafanaWeb@6f3e19b3]" started-at="2022-08-10T20:02:59Z" name="test07_search_users" data-provider="DDT-provider" finished-at="2022-08-10T20:03:13Z" duration-ms="13665" status="PASS">
          <params>
            <param index="0">
              <value>
                <![CDATA[david]]>
              </value>
            </param>
            <param index="1">
              <value>
                <![CDATA[not-exist]]>
              </value>
            </param>
          </params>
          <reporter-output>
          </reporter-output>
        </test-method> <!-- test07_search_users -->
        <test-method is-config="true" signature="refreshSession()[pri:0, instance:sanity.GrafanaWeb@6f3e19b3]" started-at="2022-08-10T20:03:13Z" name="refreshSession" finished-at="2022-08-10T20:03:13Z" duration-ms="308" status="PASS">
          <reporter-output>
          </reporter-output>
        </test-method> <!-- refreshSession -->
        <test-method is-config="true" signature="closeSession()[pri:0, instance:sanity.GrafanaWeb@6f3e19b3]" started-at="2022-08-10T20:03:13Z" name="closeSession" finished-at="2022-08-10T20:03:14Z" duration-ms="672" status="PASS">
          <reporter-output>
          </reporter-output>
        </test-method> <!-- closeSession -->
      </class> <!-- sanity.GrafanaWeb -->
    </test> <!-- Web UI Tests -->
  </suite> <!-- WebSuite -->
</testng-results>
