<?xml version="1.0" encoding="UTF-8"?>
<!-- Generated by org.testng.reporters.JUnitReportReporter -->
<testsuite hostname="MOR-ROMANO" failures="1" tests="9" name="sanity.GrafanaWeb" time="40.212" errors="0" timestamp="10 Aug 2022 20:03:14 GMT" skipped="0">
  <testcase classname="sanity.GrafanaWeb" name="test05_verify_progress_steps" time="0.689"/>
  <testcase classname="sanity.GrafanaWeb" name="test03_create_user" time="2.280"/>
  <testcase classname="sanity.GrafanaWeb" name="test04_delete_user" time="1.624"/>
  <testcase classname="sanity.GrafanaWeb" name="test07_search_users" time="12.808"/>
  <testcase classname="sanity.GrafanaWeb" name="test01_verify_main_header" time="2.107"/>
  <testcase classname="sanity.GrafanaWeb" name="test06_verify_avatar_icon" time="1.207">
    <failure message="error comparing image file FindFailed: C:\Users\toxic\IdeaProjects\New_Try\ImageRepository\NewAvatar.png: (44x37) in R[0,0 1536x864]@S(0)
  Line 2291, in file Region.java
" type="java.lang.AssertionError">
      <![CDATA[java.lang.AssertionError: error comparing image file FindFailed: C:\Users\toxic\IdeaProjects\New_Try\ImageRepository\NewAvatar.png: (44x37) in R[0,0 1536x864]@S(0)
  Line 2291, in file Region.java

at org.testng.Assert.fail(Assert.java:96)
at extentions.Verifications.visualElement(Verifications.java:44)
at sanity.GrafanaWeb.test06_verify_avatar_icon(GrafanaWeb.java:57)
at java.base/jdk.internal.reflect.NativeMethodAccessorImpl.invoke0(Native Method)
at java.base/jdk.internal.reflect.NativeMethodAccessorImpl.invoke(NativeMethodAccessorImpl.java:62)
at java.base/jdk.internal.reflect.DelegatingMethodAccessorImpl.invoke(DelegatingMethodAccessorImpl.java:43)
at java.base/java.lang.reflect.Method.invoke(Method.java:566)
at org.testng.internal.MethodInvocationHelper.invokeMethod(MethodInvocationHelper.java:124)
at org.testng.internal.Invoker.invokeMethod(Invoker.java:583)
at org.testng.internal.Invoker.invokeTestMethod(Invoker.java:719)
at org.testng.internal.Invoker.invokeTestMethods(Invoker.java:989)
at org.testng.internal.TestMethodWorker.invokeTestMethods(TestMethodWorker.java:125)
at org.testng.internal.TestMethodWorker.run(TestMethodWorker.java:109)
at org.testng.TestRunner.privateRun(TestRunner.java:648)
at org.testng.TestRunner.run(TestRunner.java:505)
at org.testng.SuiteRunner.runTest(SuiteRunner.java:455)
at org.testng.SuiteRunner.runSequentially(SuiteRunner.java:450)
at org.testng.SuiteRunner.privateRun(SuiteRunner.java:415)
at org.testng.SuiteRunner.run(SuiteRunner.java:364)
at org.testng.SuiteRunnerWorker.runSuite(SuiteRunnerWorker.java:52)
at org.testng.SuiteRunnerWorker.run(SuiteRunnerWorker.java:84)
at org.testng.TestNG.runSuitesSequentially(TestNG.java:1208)
at org.testng.TestNG.runSuitesLocally(TestNG.java:1137)
at org.testng.TestNG.runSuites(TestNG.java:1049)
at org.testng.TestNG.run(TestNG.java:1017)
at org.apache.maven.surefire.testng.TestNGExecutor.run(TestNGExecutor.java:283)
at org.apache.maven.surefire.testng.TestNGXmlTestSuite.execute(TestNGXmlTestSuite.java:75)
at org.apache.maven.surefire.testng.TestNGProvider.invoke(TestNGProvider.java:120)
at org.apache.maven.surefire.booter.ForkedBooter.invokeProviderInSameClassLoader(ForkedBooter.java:384)
at org.apache.maven.surefire.booter.ForkedBooter.runSuitesInProcess(ForkedBooter.java:345)
at org.apache.maven.surefire.booter.ForkedBooter.execute(ForkedBooter.java:126)
at org.apache.maven.surefire.booter.ForkedBooter.main(ForkedBooter.java:418)
]]>
    </failure>
  </testcase> <!-- test06_verify_avatar_icon -->
  <testcase classname="sanity.GrafanaWeb" name="test07_search_users" time="4.395"/>
  <testcase classname="sanity.GrafanaWeb" name="test07_search_users" time="13.970"/>
  <testcase classname="sanity.GrafanaWeb" name="test02_verify_default_user" time="1.132"/>
</testsuite> <!-- sanity.GrafanaWeb -->
